[INFO ] 2021-08-09 10:31:08.033 [restartedMain] ActiveBookingModuleApplication - Starting ActiveBookingModuleApplication using Java 16.0.1 on LAPTOP-95BKIJIV with PID 25712 (C:\Users\Indhu Acer\Desktop\Spring boot\ActiveBookingModule\bin\main started by Indhu Acer in C:\Users\Indhu Acer\Desktop\Spring boot\ActiveBookingModule)
[INFO ] 2021-08-09 10:31:08.035 [restartedMain] ActiveBookingModuleApplication - No active profile set, falling back to default profiles: default
[INFO ] 2021-08-09 10:31:09.448 [restartedMain] ActiveBookingModuleApplication - Started ActiveBookingModuleApplication in 1.507 seconds (JVM running for 161.064)
[INFO ] 2021-08-09 10:31:23.801 [restartedMain] ActiveBookingModuleApplication - Starting ActiveBookingModuleApplication using Java 16.0.1 on LAPTOP-95BKIJIV with PID 1108 (C:\Users\Indhu Acer\Desktop\Spring boot\ActiveBookingModule\bin\main started by Indhu Acer in C:\Users\Indhu Acer\Desktop\Spring boot\ActiveBookingModule)
[INFO ] 2021-08-09 10:31:23.811 [restartedMain] ActiveBookingModuleApplication - No active profile set, falling back to default profiles: default
[INFO ] 2021-08-09 10:31:29.082 [restartedMain] ActiveBookingModuleApplication - Started ActiveBookingModuleApplication in 5.646 seconds (JVM running for 7.041)
[INFO ] 2021-08-09 10:31:37.843 [http-nio-8086-exec-8] ActiveBookingController - Successfully viewed all
[INFO ] 2021-08-09 11:04:32.934 [restartedMain] ActiveBookingModuleApplication - Starting ActiveBookingModuleApplication using Java 16.0.1 on LAPTOP-95BKIJIV with PID 12868 (C:\Users\Indhu Acer\Desktop\Spring boot\ActiveBookingModule\bin\main started by Indhu Acer in C:\Users\Indhu Acer\Desktop\Spring boot\ActiveBookingModule)
[INFO ] 2021-08-09 11:04:32.948 [restartedMain] ActiveBookingModuleApplication - No active profile set, falling back to default profiles: default
[INFO ] 2021-08-09 11:04:42.506 [restartedMain] ActiveBookingModuleApplication - Started ActiveBookingModuleApplication in 10.192 seconds (JVM running for 14.834)
[INFO ] 2021-08-09 11:05:18.646 [restartedMain] ActiveBookingModuleApplication - Starting ActiveBookingModuleApplication using Java 16.0.1 on LAPTOP-95BKIJIV with PID 10704 (C:\Users\Indhu Acer\Desktop\Spring boot\ActiveBookingModule\bin\main started by Indhu Acer in C:\Users\Indhu Acer\Desktop\Spring boot\ActiveBookingModule)
[INFO ] 2021-08-09 11:05:18.667 [restartedMain] ActiveBookingModuleApplication - No active profile set, falling back to default profiles: default
[INFO ] 2021-08-09 11:05:28.650 [restartedMain] ActiveBookingModuleApplication - Started ActiveBookingModuleApplication in 10.619 seconds (JVM running for 13.045)
[INFO ] 2021-08-09 11:05:40.388 [http-nio-8086-exec-1] ActiveBookingController - Successfully viewed all
[INFO ] 2021-08-09 11:16:08.424 [restartedMain] ActiveBookingModuleApplication - Starting ActiveBookingModuleApplication using Java 16.0.1 on LAPTOP-95BKIJIV with PID 6040 (C:\Users\Indhu Acer\Desktop\Spring boot\ActiveBookingModule\bin\main started by Indhu Acer in C:\Users\Indhu Acer\Desktop\Spring boot\ActiveBookingModule)
[INFO ] 2021-08-09 11:16:08.439 [restartedMain] ActiveBookingModuleApplication - No active profile set, falling back to default profiles: default
[INFO ] 2021-08-09 11:16:17.353 [restartedMain] ActiveBookingModuleApplication - Started ActiveBookingModuleApplication in 9.567 seconds (JVM running for 12.496)
[INFO ] 2021-08-09 11:16:26.346 [http-nio-8086-exec-2] ActiveBookingController - Successfully viewed all
[INFO ] 2021-08-09 11:25:04.910 [restartedMain] ActiveBookingModuleApplication - Starting ActiveBookingModuleApplication using Java 16.0.1 on LAPTOP-95BKIJIV with PID 6040 (C:\Users\Indhu Acer\Desktop\Spring boot\ActiveBookingModule\bin\main started by Indhu Acer in C:\Users\Indhu Acer\Desktop\Spring boot\ActiveBookingModule)
[INFO ] 2021-08-09 11:25:04.912 [restartedMain] ActiveBookingModuleApplication - No active profile set, falling back to default profiles: default
[INFO ] 2021-08-09 11:25:24.136 [restartedMain] ActiveBookingModuleApplication - Starting ActiveBookingModuleApplication using Java 16.0.1 on LAPTOP-95BKIJIV with PID 6040 (C:\Users\Indhu Acer\Desktop\Spring boot\ActiveBookingModule\bin\main started by Indhu Acer in C:\Users\Indhu Acer\Desktop\Spring boot\ActiveBookingModule)
[INFO ] 2021-08-09 11:25:24.140 [restartedMain] ActiveBookingModuleApplication - No active profile set, falling back to default profiles: default
[INFO ] 2021-08-09 11:26:19.430 [restartedMain] ActiveBookingModuleApplication - Starting ActiveBookingModuleApplication using Java 16.0.1 on LAPTOP-95BKIJIV with PID 6040 (C:\Users\Indhu Acer\Desktop\Spring boot\ActiveBookingModule\bin\main started by Indhu Acer in C:\Users\Indhu Acer\Desktop\Spring boot\ActiveBookingModule)
[INFO ] 2021-08-09 11:26:19.431 [restartedMain] ActiveBookingModuleApplication - No active profile set, falling back to default profiles: default
[INFO ] 2021-08-09 11:26:35.720 [restartedMain] ActiveBookingModuleApplication - Starting ActiveBookingModuleApplication using Java 16.0.1 on LAPTOP-95BKIJIV with PID 6040 (C:\Users\Indhu Acer\Desktop\Spring boot\ActiveBookingModule\bin\main started by Indhu Acer in C:\Users\Indhu Acer\Desktop\Spring boot\ActiveBookingModule)
[INFO ] 2021-08-09 11:26:35.722 [restartedMain] ActiveBookingModuleApplication - No active profile set, falling back to default profiles: default
[INFO ] 2021-08-09 11:26:51.426 [restartedMain] ActiveBookingModuleApplication - Starting ActiveBookingModuleApplication using Java 16.0.1 on LAPTOP-95BKIJIV with PID 6040 (C:\Users\Indhu Acer\Desktop\Spring boot\ActiveBookingModule\bin\main started by Indhu Acer in C:\Users\Indhu Acer\Desktop\Spring boot\ActiveBookingModule)
[INFO ] 2021-08-09 11:26:51.427 [restartedMain] ActiveBookingModuleApplication - No active profile set, falling back to default profiles: default
[INFO ] 2021-08-09 11:26:53.314 [restartedMain] ActiveBookingModuleApplication - Started ActiveBookingModuleApplication in 2.002 seconds (JVM running for 648.457)
[INFO ] 2021-08-09 11:27:17.766 [restartedMain] ActiveBookingModuleApplication - Starting ActiveBookingModuleApplication using Java 16.0.1 on LAPTOP-95BKIJIV with PID 6040 (C:\Users\Indhu Acer\Desktop\Spring boot\ActiveBookingModule\bin\main started by Indhu Acer in C:\Users\Indhu Acer\Desktop\Spring boot\ActiveBookingModule)
[INFO ] 2021-08-09 11:27:17.768 [restartedMain] ActiveBookingModuleApplication - No active profile set, falling back to default profiles: default
[INFO ] 2021-08-09 11:27:19.760 [restartedMain] ActiveBookingModuleApplication - Started ActiveBookingModuleApplication in 2.08 seconds (JVM running for 674.903)
[INFO ] 2021-08-09 11:30:35.285 [restartedMain] ActiveBookingModuleApplication - Starting ActiveBookingModuleApplication using Java 16.0.1 on LAPTOP-95BKIJIV with PID 8592 (C:\Users\Indhu Acer\Desktop\Spring boot\ActiveBookingModule\bin\main started by Indhu Acer in C:\Users\Indhu Acer\Desktop\Spring boot\ActiveBookingModule)
[INFO ] 2021-08-09 11:30:35.299 [restartedMain] ActiveBookingModuleApplication - No active profile set, falling back to default profiles: default
[INFO ] 2021-08-09 11:30:44.135 [restartedMain] ActiveBookingModuleApplication - Started ActiveBookingModuleApplication in 9.519 seconds (JVM running for 12.121)
[INFO ] 2021-08-09 11:31:00.457 [http-nio-8086-exec-7] ActiveBookingController - Successfully viewed all
[INFO ] 2021-08-09 11:31:47.518 [restartedMain] ActiveBookingModuleApplication - Starting ActiveBookingModuleApplication using Java 16.0.1 on LAPTOP-95BKIJIV with PID 8592 (C:\Users\Indhu Acer\Desktop\Spring boot\ActiveBookingModule\bin\main started by Indhu Acer in C:\Users\Indhu Acer\Desktop\Spring boot\ActiveBookingModule)
[INFO ] 2021-08-09 11:31:47.520 [restartedMain] ActiveBookingModuleApplication - No active profile set, falling back to default profiles: default
[INFO ] 2021-08-09 11:32:21.106 [restartedMain] VehicleRentingSystemApplication - Starting VehicleRentingSystemApplication using Java 16.0.1 on LAPTOP-95BKIJIV with PID 12828 (C:\Users\Indhu Acer\Desktop\Spring boot\ActiveBookingModule\bin\main started by Indhu Acer in C:\Users\Indhu Acer\Desktop\Spring boot\ActiveBookingModule)
[INFO ] 2021-08-09 11:32:21.123 [restartedMain] VehicleRentingSystemApplication - No active profile set, falling back to default profiles: default
[INFO ] 2021-08-09 11:32:29.999 [restartedMain] VehicleRentingSystemApplication - Started VehicleRentingSystemApplication in 9.514 seconds (JVM running for 11.917)
[INFO ] 2021-08-09 11:35:36.761 [restartedMain] VehicleRentingSystemApplication - Starting VehicleRentingSystemApplication using Java 16.0.1 on LAPTOP-95BKIJIV with PID 10340 (C:\Users\Indhu Acer\Desktop\Spring boot\VehicleRentingSystem\bin\main started by Indhu Acer in C:\Users\Indhu Acer\Desktop\Spring boot\VehicleRentingSystem)
[INFO ] 2021-08-09 11:35:36.782 [restartedMain] VehicleRentingSystemApplication - No active profile set, falling back to default profiles: default
[INFO ] 2021-08-09 11:35:45.550 [restartedMain] VehicleRentingSystemApplication - Started VehicleRentingSystemApplication in 9.533 seconds (JVM running for 12.832)
[INFO ] 2021-08-09 11:36:43.682 [restartedMain] VehicleRentingSystemApplication - Starting VehicleRentingSystemApplication using Java 16.0.1 on LAPTOP-95BKIJIV with PID 2324 (C:\Users\Indhu Acer\Desktop\Spring boot\VehicleRentingSystem\bin\main started by Indhu Acer in C:\Users\Indhu Acer\Desktop\Spring boot\VehicleRentingSystem)
[INFO ] 2021-08-09 11:36:43.697 [restartedMain] VehicleRentingSystemApplication - No active profile set, falling back to default profiles: default
[INFO ] 2021-08-09 11:36:52.455 [restartedMain] VehicleRentingSystemApplication - Started VehicleRentingSystemApplication in 9.381 seconds (JVM running for 11.777)
[INFO ] 2021-08-09 11:37:22.663 [restartedMain] VehicleRentingSystemApplication - Starting VehicleRentingSystemApplication using Java 16.0.1 on LAPTOP-95BKIJIV with PID 12000 (C:\Users\Indhu Acer\Desktop\Spring boot\VehicleRentingSystem\bin\main started by Indhu Acer in C:\Users\Indhu Acer\Desktop\Spring boot\VehicleRentingSystem)
[INFO ] 2021-08-09 11:37:22.679 [restartedMain] VehicleRentingSystemApplication - No active profile set, falling back to default profiles: default
[INFO ] 2021-08-09 11:37:31.552 [restartedMain] VehicleRentingSystemApplication - Started VehicleRentingSystemApplication in 9.581 seconds (JVM running for 12.018)
[INFO ] 2021-08-09 11:37:43.437 [http-nio-8086-exec-7] ActiveBookingController - Successfully viewed 
[INFO ] 2021-08-09 11:40:55.063 [restartedMain] VehicleRentingSystemApplication - Starting VehicleRentingSystemApplication using Java 16.0.1 on LAPTOP-95BKIJIV with PID 6332 (C:\Users\Indhu Acer\Desktop\Spring boot\VehicleRentingSystem\bin\main started by Indhu Acer in C:\Users\Indhu Acer\Desktop\Spring boot\VehicleRentingSystem)
[INFO ] 2021-08-09 11:40:55.080 [restartedMain] VehicleRentingSystemApplication - No active profile set, falling back to default profiles: default
[INFO ] 2021-08-09 11:41:03.758 [restartedMain] VehicleRentingSystemApplication - Started VehicleRentingSystemApplication in 9.33 seconds (JVM running for 11.747)
[INFO ] 2021-08-09 11:41:31.356 [http-nio-8086-exec-8] ActiveBookingController - Successfully viewed 
[INFO ] 2021-08-09 11:44:40.259 [restartedMain] VehicleRentingSystemApplication - Starting VehicleRentingSystemApplication using Java 16.0.1 on LAPTOP-95BKIJIV with PID 1972 (C:\Users\Indhu Acer\Desktop\Spring boot\VehicleRentingSystem\bin\main started by Indhu Acer in C:\Users\Indhu Acer\Desktop\Spring boot\VehicleRentingSystem)
[INFO ] 2021-08-09 11:44:40.276 [restartedMain] VehicleRentingSystemApplication - No active profile set, falling back to default profiles: default
[INFO ] 2021-08-09 11:44:53.341 [restartedMain] VehicleRentingSystemApplication - Started VehicleRentingSystemApplication in 13.995 seconds (JVM running for 17.016)
[INFO ] 2021-08-09 11:48:32.896 [restartedMain] VehicleRentingSystemApplication - Starting VehicleRentingSystemApplication using Java 16.0.1 on LAPTOP-95BKIJIV with PID 9040 (C:\Users\Indhu Acer\Desktop\Spring boot\VehicleRentingSystem\bin\main started by Indhu Acer in C:\Users\Indhu Acer\Desktop\Spring boot\VehicleRentingSystem)
[INFO ] 2021-08-09 11:48:32.922 [restartedMain] VehicleRentingSystemApplication - No active profile set, falling back to default profiles: default
[INFO ] 2021-08-09 11:48:44.115 [restartedMain] VehicleRentingSystemApplication - Started VehicleRentingSystemApplication in 12.107 seconds (JVM running for 15.417)
[INFO ] 2021-08-09 11:51:07.230 [restartedMain] VehicleRentingSystemApplication - Starting VehicleRentingSystemApplication using Java 16.0.1 on LAPTOP-95BKIJIV with PID 6332 (C:\Users\Indhu Acer\Desktop\Spring boot\VehicleRentingSystem\bin\main started by Indhu Acer in C:\Users\Indhu Acer\Desktop\Spring boot\VehicleRentingSystem)
[INFO ] 2021-08-09 11:51:07.251 [restartedMain] VehicleRentingSystemApplication - No active profile set, falling back to default profiles: default
[INFO ] 2021-08-09 11:51:19.594 [restartedMain] VehicleRentingSystemApplication - Started VehicleRentingSystemApplication in 13.275 seconds (JVM running for 16.315)
[INFO ] 2021-08-09 12:01:24.135 [restartedMain] VehicleRentingSystemApplication - Starting VehicleRentingSystemApplication using Java 16.0.1 on LAPTOP-95BKIJIV with PID 12764 (C:\Users\Indhu Acer\Desktop\Spring boot\VehicleRentingSystem\bin\main started by Indhu Acer in C:\Users\Indhu Acer\Desktop\Spring boot\VehicleRentingSystem)
[INFO ] 2021-08-09 12:01:24.152 [restartedMain] VehicleRentingSystemApplication - No active profile set, falling back to default profiles: default
[INFO ] 2021-08-09 12:01:36.560 [restartedMain] VehicleRentingSystemApplication - Started VehicleRentingSystemApplication in 13.262 seconds (JVM running for 16.014)
[INFO ] 2021-08-09 12:03:28.689 [restartedMain] VehicleRentingSystemApplication - Starting VehicleRentingSystemApplication using Java 16.0.1 on LAPTOP-95BKIJIV with PID 10764 (C:\Users\Indhu Acer\Desktop\Spring boot\VehicleRentingSystem\bin\main started by Indhu Acer in C:\Users\Indhu Acer\Desktop\Spring boot\VehicleRentingSystem)
[INFO ] 2021-08-09 12:03:28.705 [restartedMain] VehicleRentingSystemApplication - No active profile set, falling back to default profiles: default
[INFO ] 2021-08-09 12:03:40.089 [restartedMain] VehicleRentingSystemApplication - Started VehicleRentingSystemApplication in 12.244 seconds (JVM running for 15.148)
[INFO ] 2021-08-09 12:03:53.546 [http-nio-8086-exec-10] ActiveBookingController - Successfully viewed the Status 
[INFO ] 2021-08-09 12:12:55.612 [restartedMain] VehicleRentingSystemApplication - Starting VehicleRentingSystemApplication using Java 16.0.1 on LAPTOP-95BKIJIV with PID 10764 (C:\Users\Indhu Acer\Desktop\Spring boot\VehicleRentingSystem\bin\main started by Indhu Acer in C:\Users\Indhu Acer\Desktop\Spring boot\VehicleRentingSystem)
[INFO ] 2021-08-09 12:12:55.614 [restartedMain] VehicleRentingSystemApplication - No active profile set, falling back to default profiles: default
[INFO ] 2021-08-09 12:12:56.826 [restartedMain] VehicleRentingSystemApplication - Started VehicleRentingSystemApplication in 1.262 seconds (JVM running for 571.885)
[INFO ] 2021-08-09 12:13:28.747 [http-nio-8086-exec-9] ActiveBookingController - New Active Booking added Successfully 
[INFO ] 2021-08-09 12:17:59.208 [restartedMain] VehicleRentingSystemApplication - Starting VehicleRentingSystemApplication using Java 16.0.1 on LAPTOP-95BKIJIV with PID 10764 (C:\Users\Indhu Acer\Desktop\Spring boot\VehicleRentingSystem\bin\main started by Indhu Acer in C:\Users\Indhu Acer\Desktop\Spring boot\VehicleRentingSystem)
[INFO ] 2021-08-09 12:17:59.209 [restartedMain] VehicleRentingSystemApplication - No active profile set, falling back to default profiles: default
[INFO ] 2021-08-09 12:18:00.422 [restartedMain] VehicleRentingSystemApplication - Started VehicleRentingSystemApplication in 1.259 seconds (JVM running for 875.482)
[INFO ] 2021-08-09 12:18:19.602 [http-nio-8086-exec-7] ActiveBookingController - Successfully viewed the Status 
[INFO ] 2021-08-09 12:18:29.861 [http-nio-8086-exec-8] ActiveBookingController - Cancelled list successfully Viewed 
[INFO ] 2021-08-09 12:18:40.470 [http-nio-8086-exec-9] ActiveBookingController - Completed list successfully Viewed 
[INFO ] 2021-08-09 12:18:47.847 [http-nio-8086-exec-10] ActiveBookingController - All the Active Booking have Successfully Viewed 
[INFO ] 2021-08-09 12:18:56.171 [http-nio-8086-exec-2] ActiveBookingController - Pending List successfully viewed 
[INFO ] 2021-08-09 12:20:43.880 [restartedMain] VehicleRentingSystemApplication - Starting VehicleRentingSystemApplication using Java 16.0.1 on LAPTOP-95BKIJIV with PID 144 (C:\Users\Indhu Acer\Desktop\Spring boot\VehicleRentingSystem\bin\main started by Indhu Acer in C:\Users\Indhu Acer\Desktop\Spring boot\VehicleRentingSystem)
[INFO ] 2021-08-09 12:20:43.889 [restartedMain] VehicleRentingSystemApplication - No active profile set, falling back to default profiles: default
[INFO ] 2021-08-09 12:20:48.656 [restartedMain] VehicleRentingSystemApplication - Started VehicleRentingSystemApplication in 5.114 seconds (JVM running for 6.583)
[INFO ] 2021-08-09 12:21:33.601 [http-nio-8086-exec-7] ActiveBookingController -  Active Booking Updated Successfully
[INFO ] 2021-08-09 12:21:37.414 [http-nio-8086-exec-8] ActiveBookingController - All the Active Booking have Successfully Viewed 
[INFO ] 2021-08-09 12:22:25.788 [restartedMain] VehicleRentingSystemApplication - Starting VehicleRentingSystemApplication using Java 16.0.1 on LAPTOP-95BKIJIV with PID 7256 (C:\Users\Indhu Acer\Desktop\Spring boot\VehicleRentingSystem\bin\main started by Indhu Acer in C:\Users\Indhu Acer\Desktop\Spring boot\VehicleRentingSystem)
[INFO ] 2021-08-09 12:22:25.797 [restartedMain] VehicleRentingSystemApplication - No active profile set, falling back to default profiles: default
[INFO ] 2021-08-09 12:22:30.846 [restartedMain] VehicleRentingSystemApplication - Started VehicleRentingSystemApplication in 5.404 seconds (JVM running for 6.761)
[INFO ] 2021-08-09 12:23:02.546 [http-nio-8086-exec-7] ActiveBookingController -  Active Booking Updated Successfully
[INFO ] 2021-08-09 12:24:31.870 [http-nio-8086-exec-10] ActiveBookingController -  Active Booking Updated Successfully
[INFO ] 2021-08-09 12:27:41.379 [restartedMain] VehicleRentingSystemApplication - Starting VehicleRentingSystemApplication using Java 16.0.1 on LAPTOP-95BKIJIV with PID 9888 (C:\Users\Indhu Acer\Desktop\Spring boot\VehicleRentingSystem\bin\main started by Indhu Acer in C:\Users\Indhu Acer\Desktop\Spring boot\VehicleRentingSystem)
[INFO ] 2021-08-09 12:27:41.388 [restartedMain] VehicleRentingSystemApplication - No active profile set, falling back to default profiles: default
[INFO ] 2021-08-09 12:27:46.659 [restartedMain] VehicleRentingSystemApplication - Started VehicleRentingSystemApplication in 5.623 seconds (JVM running for 7.204)
[INFO ] 2021-08-09 12:28:00.446 [http-nio-8086-exec-7] ActiveBookingController - Inprogress list successfully Viewed 
[INFO ] 2021-08-09 12:28:21.230 [http-nio-8086-exec-8] ActiveBookingController - Active Booking Deleted Successfully
[INFO ] 2021-08-09 12:28:26.309 [http-nio-8086-exec-9] ActiveBookingController - Active Booking Deleted Successfully
[INFO ] 2021-08-09 12:28:36.758 [http-nio-8086-exec-10] ActiveBookingController - Inprogress list successfully Viewed 
[INFO ] 2021-08-09 12:29:30.357 [http-nio-8086-exec-3] ActiveBookingController - All the Active Booking have Successfully Viewed 
[INFO ] 2021-08-09 12:54:33.668 [restartedMain] VehicleRentingSystemApplication - Starting VehicleRentingSystemApplication using Java 16.0.1 on LAPTOP-95BKIJIV with PID 9888 (C:\Users\Indhu Acer\Desktop\Spring boot\VehicleRentingSystem\bin\main started by Indhu Acer in C:\Users\Indhu Acer\Desktop\Spring boot\VehicleRentingSystem)
[INFO ] 2021-08-09 12:54:33.669 [restartedMain] VehicleRentingSystemApplication - No active profile set, falling back to default profiles: default
[INFO ] 2021-08-09 12:54:34.882 [restartedMain] VehicleRentingSystemApplication - Started VehicleRentingSystemApplication in 1.263 seconds (JVM running for 1615.426)
[INFO ] 2021-08-09 12:54:57.828 [http-nio-8086-exec-9] ActiveBookingController -  Active Booking Updated Successfully
[INFO ] 2021-08-09 12:57:32.607 [restartedMain] VehicleRentingSystemApplication - Starting VehicleRentingSystemApplication using Java 16.0.1 on LAPTOP-95BKIJIV with PID 9888 (C:\Users\Indhu Acer\Desktop\Spring boot\VehicleRentingSystem\bin\main started by Indhu Acer in C:\Users\Indhu Acer\Desktop\Spring boot\VehicleRentingSystem)
[INFO ] 2021-08-09 12:57:32.608 [restartedMain] VehicleRentingSystemApplication - No active profile set, falling back to default profiles: default
[INFO ] 2021-08-09 12:57:33.750 [restartedMain] VehicleRentingSystemApplication - Started VehicleRentingSystemApplication in 1.188 seconds (JVM running for 1794.295)
[INFO ] 2021-08-09 12:57:54.301 [http-nio-8086-exec-1] ActiveBookingController - New Active Booking added Successfully 
[INFO ] 2021-08-09 12:58:02.709 [http-nio-8086-exec-3] ActiveBookingController - All the Active Booking have Successfully Viewed 
[INFO ] 2021-08-09 12:59:44.239 [restartedMain] VehicleRentingSystemApplication - Starting VehicleRentingSystemApplication using Java 16.0.1 on LAPTOP-95BKIJIV with PID 11532 (C:\Users\Indhu Acer\Desktop\Spring boot\VehicleRentingSystem\bin\main started by Indhu Acer in C:\Users\Indhu Acer\Desktop\Spring boot\VehicleRentingSystem)
[INFO ] 2021-08-09 12:59:44.247 [restartedMain] VehicleRentingSystemApplication - No active profile set, falling back to default profiles: default
[INFO ] 2021-08-09 12:59:48.929 [restartedMain] VehicleRentingSystemApplication - Started VehicleRentingSystemApplication in 5.039 seconds (JVM running for 6.392)
[INFO ] 2021-08-09 12:59:58.158 [http-nio-8086-exec-1] ActiveBookingController - All the Active Booking have Successfully Viewed 
[INFO ] 2021-08-09 13:00:24.339 [http-nio-8086-exec-2] ActiveBookingController - ActiveBooking had been viewed based on Id
[INFO ] 2021-08-09 13:00:30.741 [http-nio-8086-exec-3] ActiveBookingController - ActiveBooking had been viewed based on Id
[INFO ] 2021-08-09 13:00:50.493 [http-nio-8086-exec-4] ActiveBookingController - Pending List successfully viewed 
[INFO ] 2021-08-09 14:00:26.844 [restartedMain] VehicleRentingSystemApplication - Starting VehicleRentingSystemApplication using Java 16.0.1 on LAPTOP-95BKIJIV with PID 12040 (C:\Users\Indhu Acer\Desktop\Spring boot\VehicleRentingSystem\bin\main started by Indhu Acer in C:\Users\Indhu Acer\Desktop\Spring boot\VehicleRentingSystem)
[INFO ] 2021-08-09 14:00:26.863 [restartedMain] VehicleRentingSystemApplication - No active profile set, falling back to default profiles: default
[INFO ] 2021-08-09 14:00:35.362 [restartedMain] VehicleRentingSystemApplication - Started VehicleRentingSystemApplication in 9.103 seconds (JVM running for 11.541)
[INFO ] 2021-08-09 14:46:57.115 [restartedMain] VehicleRentingSystemApplication - Starting VehicleRentingSystemApplication using Java 16.0.1 on LAPTOP-95BKIJIV with PID 8028 (C:\Users\Indhu Acer\Desktop\Spring boot\VehicleRentingSystem\bin\main started by Indhu Acer in C:\Users\Indhu Acer\Desktop\Spring boot\VehicleRentingSystem)
[INFO ] 2021-08-09 14:46:57.144 [restartedMain] VehicleRentingSystemApplication - No active profile set, falling back to default profiles: default
[INFO ] 2021-08-09 14:47:07.947 [restartedMain] VehicleRentingSystemApplication - Started VehicleRentingSystemApplication in 11.529 seconds (JVM running for 14.264)
[INFO ] 2021-08-09 15:44:12.347 [restartedMain] VehicleRentingSystemApplication - Starting VehicleRentingSystemApplication using Java 16.0.1 on LAPTOP-95BKIJIV with PID 8028 (C:\Users\Indhu Acer\Desktop\Spring boot\VehicleRentingSystem\bin\main started by Indhu Acer in C:\Users\Indhu Acer\Desktop\Spring boot\VehicleRentingSystem)
[INFO ] 2021-08-09 15:44:12.349 [restartedMain] VehicleRentingSystemApplication - No active profile set, falling back to default profiles: default
[INFO ] 2021-08-09 15:44:16.058 [restartedMain] VehicleRentingSystemApplication - Started VehicleRentingSystemApplication in 3.831 seconds (JVM running for 3442.375)
[INFO ] 2021-08-09 17:47:14.543 [restartedMain] VehicleRentingSystemApplication - Starting VehicleRentingSystemApplication using Java 16.0.1 on LAPTOP-95BKIJIV with PID 15124 (C:\Users\Indhu Acer\Desktop\Spring boot\VehicleRentingSystem\bin\main started by Indhu Acer in C:\Users\Indhu Acer\Desktop\Spring boot\VehicleRentingSystem)
[INFO ] 2021-08-09 17:47:14.553 [restartedMain] VehicleRentingSystemApplication - No active profile set, falling back to default profiles: default
[INFO ] 2021-08-09 17:47:20.002 [restartedMain] VehicleRentingSystemApplication - Started VehicleRentingSystemApplication in 5.845 seconds (JVM running for 7.485)
[INFO ] 2021-08-09 17:47:39.068 [http-nio-8086-exec-1] ActiveBookingController - All the Active Booking have Successfully Viewed 
[INFO ] 2021-08-09 17:47:40.164 [http-nio-8086-exec-2] ActiveBookingController - All the Active Booking have Successfully Viewed 
[INFO ] 2021-08-09 17:47:41.740 [http-nio-8086-exec-3] ActiveBookingController - All the Active Booking have Successfully Viewed 
[INFO ] 2021-08-09 17:48:01.162 [restartedMain] VehicleRentingSystemApplication - Starting VehicleRentingSystemApplication using Java 16.0.1 on LAPTOP-95BKIJIV with PID 440 (C:\Users\Indhu Acer\Desktop\Spring boot\VehicleRentingSystem\bin\main started by Indhu Acer in C:\Users\Indhu Acer\Desktop\Spring boot\VehicleRentingSystem)
[INFO ] 2021-08-09 17:48:01.171 [restartedMain] VehicleRentingSystemApplication - No active profile set, falling back to default profiles: default
[INFO ] 2021-08-09 17:48:05.959 [restartedMain] VehicleRentingSystemApplication - Started VehicleRentingSystemApplication in 5.167 seconds (JVM running for 6.568)
[INFO ] 2021-08-09 17:48:13.499 [http-nio-8086-exec-1] ActiveBookingController - All the Active Booking have Successfully Viewed 
[INFO ] 2021-08-09 17:48:44.092 [http-nio-8086-exec-9] ActiveBookingController - All the Active Booking have Successfully Viewed 
[INFO ] 2021-08-09 17:48:44.836 [http-nio-8086-exec-10] ActiveBookingController - All the Active Booking have Successfully Viewed 
[INFO ] 2021-08-09 17:49:46.831 [restartedMain] VehicleRentingSystemApplication - Starting VehicleRentingSystemApplication using Java 16.0.1 on LAPTOP-95BKIJIV with PID 15276 (C:\Users\Indhu Acer\Desktop\Spring boot\VehicleRentingSystem\bin\main started by Indhu Acer in C:\Users\Indhu Acer\Desktop\Spring boot\VehicleRentingSystem)
[INFO ] 2021-08-09 17:49:46.839 [restartedMain] VehicleRentingSystemApplication - No active profile set, falling back to default profiles: default
[INFO ] 2021-08-09 17:49:51.776 [restartedMain] VehicleRentingSystemApplication - Started VehicleRentingSystemApplication in 5.301 seconds (JVM running for 6.679)
[INFO ] 2021-08-09 17:50:09.968 [http-nio-8086-exec-1] ActiveBookingController - All the Active Booking have Successfully Viewed 
[INFO ] 2021-08-09 17:50:58.045 [restartedMain] VehicleRentingSystemApplication - Starting VehicleRentingSystemApplication using Java 16.0.1 on LAPTOP-95BKIJIV with PID 9584 (C:\Users\Indhu Acer\Desktop\Spring boot\VehicleRentingSystem\bin\main started by Indhu Acer in C:\Users\Indhu Acer\Desktop\Spring boot\VehicleRentingSystem)
[INFO ] 2021-08-09 17:50:58.054 [restartedMain] VehicleRentingSystemApplication - No active profile set, falling back to default profiles: default
[INFO ] 2021-08-09 17:51:02.961 [restartedMain] VehicleRentingSystemApplication - Started VehicleRentingSystemApplication in 5.283 seconds (JVM running for 6.763)
[INFO ] 2021-08-09 17:51:24.078 [http-nio-8086-exec-10] ActiveBookingController - All the Active Booking have Successfully Viewed 
[INFO ] 2021-08-09 17:55:17.530 [restartedMain] VehicleRentingSystemApplication - Starting VehicleRentingSystemApplication using Java 16.0.1 on LAPTOP-95BKIJIV with PID 10328 (C:\Users\Indhu Acer\Desktop\Spring boot\VehicleRentingSystem\bin\main started by Indhu Acer in C:\Users\Indhu Acer\Desktop\Spring boot\VehicleRentingSystem)
[INFO ] 2021-08-09 17:55:17.540 [restartedMain] VehicleRentingSystemApplication - No active profile set, falling back to default profiles: default
[INFO ] 2021-08-09 17:55:22.717 [restartedMain] VehicleRentingSystemApplication - Started VehicleRentingSystemApplication in 5.575 seconds (JVM running for 7.174)
[INFO ] 2021-08-09 17:55:30.124 [http-nio-8086-exec-1] ActiveBookingController - All the Active Booking have Successfully Viewed 
[INFO ] 2021-08-09 17:56:00.074 [http-nio-8086-exec-3] ActiveBookingController - All the Active Booking have Successfully Viewed 
[INFO ] 2021-08-09 17:56:00.707 [http-nio-8086-exec-5] ActiveBookingController - All the Active Booking have Successfully Viewed 
[INFO ] 2021-08-09 17:56:01.122 [http-nio-8086-exec-7] ActiveBookingController - All the Active Booking have Successfully Viewed 
[INFO ] 2021-08-09 17:56:01.427 [http-nio-8086-exec-8] ActiveBookingController - All the Active Booking have Successfully Viewed 
[INFO ] 2021-08-09 17:58:05.020 [restartedMain] VehicleRentingSystemApplication - Starting VehicleRentingSystemApplication using Java 16.0.1 on LAPTOP-95BKIJIV with PID 7884 (C:\Users\Indhu Acer\Desktop\Spring boot\VehicleRentingSystem\bin\main started by Indhu Acer in C:\Users\Indhu Acer\Desktop\Spring boot\VehicleRentingSystem)
[INFO ] 2021-08-09 17:58:05.030 [restartedMain] VehicleRentingSystemApplication - No active profile set, falling back to default profiles: default
[INFO ] 2021-08-09 17:58:10.401 [restartedMain] VehicleRentingSystemApplication - Started VehicleRentingSystemApplication in 5.735 seconds (JVM running for 7.541)
[INFO ] 2021-08-09 17:58:30.338 [http-nio-8086-exec-2] ActiveBookingController - All the Active Booking have Successfully Viewed 
[INFO ] 2021-08-09 17:59:07.339 [http-nio-8086-exec-1] ActiveBookingController - All the Active Booking have Successfully Viewed 
[INFO ] 2021-08-09 17:59:08.155 [http-nio-8086-exec-3] ActiveBookingController - All the Active Booking have Successfully Viewed 
[INFO ] 2021-08-09 17:59:38.061 [http-nio-8086-exec-6] ActiveBookingController - Pending List successfully viewed 
[INFO ] 2021-08-09 18:01:48.464 [restartedMain] VehicleRentingSystemApplication - Starting VehicleRentingSystemApplication using Java 16.0.1 on LAPTOP-95BKIJIV with PID 7720 (C:\Users\Indhu Acer\Desktop\Spring boot\VehicleRentingSystem\bin\main started by Indhu Acer in C:\Users\Indhu Acer\Desktop\Spring boot\VehicleRentingSystem)
[INFO ] 2021-08-09 18:01:48.472 [restartedMain] VehicleRentingSystemApplication - No active profile set, falling back to default profiles: default
[INFO ] 2021-08-09 18:01:53.212 [restartedMain] VehicleRentingSystemApplication - Started VehicleRentingSystemApplication in 5.089 seconds (JVM running for 6.421)
[INFO ] 2021-08-09 18:02:05.825 [http-nio-8086-exec-1] ActiveBookingController - All the Active Booking have Successfully Viewed 
[INFO ] 2021-08-09 19:15:10.652 [restartedMain] VehicleRentingSystemApplication - Starting VehicleRentingSystemApplication using Java 16.0.1 on LAPTOP-95BKIJIV with PID 12424 (C:\Users\Indhu Acer\Desktop\Spring boot\VehicleRentingSystem\bin\main started by Indhu Acer in C:\Users\Indhu Acer\Desktop\Spring boot\VehicleRentingSystem)
[INFO ] 2021-08-09 19:15:10.672 [restartedMain] VehicleRentingSystemApplication - No active profile set, falling back to default profiles: default
[INFO ] 2021-08-09 19:15:20.483 [restartedMain] VehicleRentingSystemApplication - Started VehicleRentingSystemApplication in 10.739 seconds (JVM running for 14.598)
[INFO ] 2021-08-09 19:15:44.966 [http-nio-8086-exec-1] ActiveBookingController - All the Active Booking have Successfully Viewed 
[INFO ] 2021-08-09 19:17:13.330 [restartedMain] VehicleRentingSystemApplication - Starting VehicleRentingSystemApplication using Java 16.0.1 on LAPTOP-95BKIJIV with PID 13024 (C:\Users\Indhu Acer\Desktop\Spring boot\VehicleRentingSystem\bin\main started by Indhu Acer in C:\Users\Indhu Acer\Desktop\Spring boot\VehicleRentingSystem)
[INFO ] 2021-08-09 19:17:13.345 [restartedMain] VehicleRentingSystemApplication - No active profile set, falling back to default profiles: default
[INFO ] 2021-08-09 19:17:22.515 [restartedMain] VehicleRentingSystemApplication - Started VehicleRentingSystemApplication in 9.886 seconds (JVM running for 12.501)
[INFO ] 2021-08-09 19:17:38.920 [http-nio-8086-exec-7] ActiveBookingController - New Active Booking added Successfully 
[INFO ] 2021-08-09 19:17:44.221 [http-nio-8086-exec-8] ActiveBookingController - All the Active Booking have Successfully Viewed 
[INFO ] 2021-08-09 19:18:23.534 [restartedMain] VehicleRentingSystemApplication - Starting VehicleRentingSystemApplication using Java 16.0.1 on LAPTOP-95BKIJIV with PID 2476 (C:\Users\Indhu Acer\Desktop\Spring boot\VehicleRentingSystem\bin\main started by Indhu Acer in C:\Users\Indhu Acer\Desktop\Spring boot\VehicleRentingSystem)
[INFO ] 2021-08-09 19:18:23.550 [restartedMain] VehicleRentingSystemApplication - No active profile set, falling back to default profiles: default
[INFO ] 2021-08-09 19:18:32.462 [restartedMain] VehicleRentingSystemApplication - Started VehicleRentingSystemApplication in 9.629 seconds (JVM running for 12.079)
[INFO ] 2021-08-09 19:18:40.680 [http-nio-8086-exec-7] ActiveBookingController - All the Active Booking have Successfully Viewed 
[INFO ] 2021-08-09 19:18:51.710 [http-nio-8086-exec-8] ActiveBookingController - New Active Booking added Successfully 
[INFO ] 2021-08-09 19:19:03.557 [http-nio-8086-exec-9] ActiveBookingController - New Active Booking added Successfully 
[INFO ] 2021-08-09 19:19:05.639 [http-nio-8086-exec-10] ActiveBookingController - All the Active Booking have Successfully Viewed 
[INFO ] 2021-08-09 19:19:15.122 [http-nio-8086-exec-1] ActiveBookingController - Completed list successfully Viewed 
[INFO ] 2021-08-09 19:19:59.960 [http-nio-8086-exec-2] ActiveBookingController - ActiveBooking had been viewed based on Id
[INFO ] 2021-08-09 19:20:13.046 [http-nio-8086-exec-4] ActiveBookingController - ActiveBooking had been viewed based on Id
[INFO ] 2021-08-09 19:31:48.465 [restartedMain] VehicleRentingSystemApplication - Starting VehicleRentingSystemApplication using Java 16.0.1 on LAPTOP-95BKIJIV with PID 2476 (C:\Users\Indhu Acer\Desktop\Spring boot\VehicleRentingSystem\bin\main started by Indhu Acer in C:\Users\Indhu Acer\Desktop\Spring boot\VehicleRentingSystem)
[INFO ] 2021-08-09 19:31:48.467 [restartedMain] VehicleRentingSystemApplication - No active profile set, falling back to default profiles: default
[INFO ] 2021-08-09 19:31:51.316 [restartedMain] VehicleRentingSystemApplication - Started VehicleRentingSystemApplication in 2.953 seconds (JVM running for 810.934)
[INFO ] 2021-08-09 19:31:54.833 [http-nio-8086-exec-1] ActiveBookingController - ActiveBooking had been viewed based on Id
[INFO ] 2021-08-09 19:31:54.844 [http-nio-8086-exec-1] ActiveBookingServiceImpl - BookingId not found 
[INFO ] 2021-08-09 19:31:55.670 [http-nio-8086-exec-2] ActiveBookingController - ActiveBooking had been viewed based on Id
[INFO ] 2021-08-09 19:31:55.673 [http-nio-8086-exec-2] ActiveBookingServiceImpl - BookingId not found 
[INFO ] 2021-08-09 19:35:58.739 [restartedMain] VehicleRentingSystemApplication - Starting VehicleRentingSystemApplication using Java 16.0.1 on LAPTOP-95BKIJIV with PID 2476 (C:\Users\Indhu Acer\Desktop\Spring boot\VehicleRentingSystem\bin\main started by Indhu Acer in C:\Users\Indhu Acer\Desktop\Spring boot\VehicleRentingSystem)
[INFO ] 2021-08-09 19:35:58.740 [restartedMain] VehicleRentingSystemApplication - No active profile set, falling back to default profiles: default
[INFO ] 2021-08-09 19:36:01.211 [restartedMain] VehicleRentingSystemApplication - Started VehicleRentingSystemApplication in 2.583 seconds (JVM running for 1060.829)
[INFO ] 2021-08-09 19:36:13.659 [http-nio-8086-exec-2] ActiveBookingController - Pending List successfully viewed 
[INFO ] 2021-08-09 19:36:24.221 [http-nio-8086-exec-3] ActiveBookingController - Completed list successfully Viewed 
[INFO ] 2021-08-09 19:36:24.226 [http-nio-8086-exec-3] ActiveBookingServiceImpl - ActiveBookingNotFoundException Occured 
[INFO ] 2021-08-09 19:38:17.445 [restartedMain] VehicleRentingSystemApplication - Starting VehicleRentingSystemApplication using Java 16.0.1 on LAPTOP-95BKIJIV with PID 2476 (C:\Users\Indhu Acer\Desktop\Spring boot\VehicleRentingSystem\bin\main started by Indhu Acer in C:\Users\Indhu Acer\Desktop\Spring boot\VehicleRentingSystem)
[INFO ] 2021-08-09 19:38:17.447 [restartedMain] VehicleRentingSystemApplication - No active profile set, falling back to default profiles: default
[INFO ] 2021-08-09 19:38:19.701 [restartedMain] VehicleRentingSystemApplication - Started VehicleRentingSystemApplication in 2.359 seconds (JVM running for 1199.317)
[INFO ] 2021-08-09 19:38:27.477 [http-nio-8086-exec-1] ActiveBookingController - Completed list successfully Viewed 
[INFO ] 2021-08-09 19:38:27.485 [http-nio-8086-exec-1] ActiveBookingServiceImpl - ActiveBookingNotFoundException Occured-Completed list is Empty 
[INFO ] 2021-08-09 19:38:28.343 [http-nio-8086-exec-2] ActiveBookingController - Completed list successfully Viewed 
[INFO ] 2021-08-09 19:38:28.347 [http-nio-8086-exec-2] ActiveBookingServiceImpl - ActiveBookingNotFoundException Occured-Completed list is Empty 
[INFO ] 2021-08-09 19:38:28.914 [http-nio-8086-exec-3] ActiveBookingController - Completed list successfully Viewed 
[INFO ] 2021-08-09 19:38:28.917 [http-nio-8086-exec-3] ActiveBookingServiceImpl - ActiveBookingNotFoundException Occured-Completed list is Empty 
[INFO ] 2021-08-09 19:38:29.616 [http-nio-8086-exec-4] ActiveBookingController - Completed list successfully Viewed 
[INFO ] 2021-08-09 19:38:29.618 [http-nio-8086-exec-4] ActiveBookingServiceImpl - ActiveBookingNotFoundException Occured-Completed list is Empty 
[INFO ] 2021-08-09 20:51:01.686 [restartedMain] VehicleRentingSystemApplication - Starting VehicleRentingSystemApplication using Java 16.0.1 on LAPTOP-95BKIJIV with PID 5056 (C:\Users\Indhu Acer\Desktop\Spring boot\VehicleRentingSystem\bin\main started by Indhu Acer in C:\Users\Indhu Acer\Desktop\Spring boot\VehicleRentingSystem)
[INFO ] 2021-08-09 20:51:01.696 [restartedMain] VehicleRentingSystemApplication - No active profile set, falling back to default profiles: default
[INFO ] 2021-08-09 20:51:07.069 [restartedMain] VehicleRentingSystemApplication - Started VehicleRentingSystemApplication in 5.793 seconds (JVM running for 7.75)
[INFO ] 2021-08-09 20:51:16.992 [http-nio-8086-exec-1] ActiveBookingController - Completed list successfully Viewed 
[INFO ] 2021-08-09 20:51:17.022 [http-nio-8086-exec-1] ActiveBookingServiceImpl - ActiveBookingNotFoundException Occured-Completed list is Empty 
[INFO ] 2021-08-09 20:54:11.161 [http-nio-8086-exec-4] ActiveBookingController - All the Active Booking have Successfully Viewed 
[INFO ] 2021-08-09 21:09:32.398 [restartedMain] VehicleRentingSystemApplication - Starting VehicleRentingSystemApplication using Java 16.0.1 on LAPTOP-95BKIJIV with PID 5056 (C:\Users\Indhu Acer\Desktop\Spring boot\VehicleRentingSystem\bin\main started by Indhu Acer in C:\Users\Indhu Acer\Desktop\Spring boot\VehicleRentingSystem)
[INFO ] 2021-08-09 21:09:32.400 [restartedMain] VehicleRentingSystemApplication - No active profile set, falling back to default profiles: default
[INFO ] 2021-08-09 21:09:35.102 [restartedMain] VehicleRentingSystemApplication - Started VehicleRentingSystemApplication in 2.809 seconds (JVM running for 1115.782)
[INFO ] 2021-08-09 22:02:59.451 [http-nio-8086-exec-1] ActiveBookingController - All the Active Booking have Successfully Viewed 
[INFO ] 2021-08-09 22:35:02.461 [restartedMain] VehicleRentingSystemApplication - Starting VehicleRentingSystemApplication using Java 16.0.1 on LAPTOP-95BKIJIV with PID 8152 (C:\Users\Indhu Acer\Desktop\Spring boot\VehicleRentingSystem\bin\main started by Indhu Acer in C:\Users\Indhu Acer\Desktop\Spring boot\VehicleRentingSystem)
[INFO ] 2021-08-09 22:35:02.479 [restartedMain] VehicleRentingSystemApplication - No active profile set, falling back to default profiles: default
[INFO ] 2021-08-09 22:35:12.107 [restartedMain] VehicleRentingSystemApplication - Started VehicleRentingSystemApplication in 10.323 seconds (JVM running for 12.866)
[INFO ] 2021-08-09 22:35:17.810 [http-nio-8086-exec-1] ActiveBookingController - Completed list successfully Viewed 
[INFO ] 2021-08-09 22:35:17.873 [http-nio-8086-exec-1] ActiveBookingServiceImpl - ActiveBookingNotFoundException Occured-Completed list is Empty 
[INFO ] 2021-08-09 22:35:18.612 [http-nio-8086-exec-2] ActiveBookingController - Completed list successfully Viewed 
[INFO ] 2021-08-09 22:35:18.615 [http-nio-8086-exec-2] ActiveBookingServiceImpl - ActiveBookingNotFoundException Occured-Completed list is Empty 
[INFO ] 2021-08-09 22:35:31.346 [http-nio-8086-exec-5] ActiveBookingController -  Active Booking Updated Successfully
[INFO ] 2021-08-09 22:36:42.507 [restartedMain] VehicleRentingSystemApplication - Starting VehicleRentingSystemApplication using Java 16.0.1 on LAPTOP-95BKIJIV with PID 8152 (C:\Users\Indhu Acer\Desktop\Spring boot\VehicleRentingSystem\bin\main started by Indhu Acer in C:\Users\Indhu Acer\Desktop\Spring boot\VehicleRentingSystem)
[INFO ] 2021-08-09 22:36:42.509 [restartedMain] VehicleRentingSystemApplication - No active profile set, falling back to default profiles: default
[INFO ] 2021-08-09 22:36:44.961 [restartedMain] VehicleRentingSystemApplication - Started VehicleRentingSystemApplication in 2.553 seconds (JVM running for 105.72)
[INFO ] 2021-08-09 22:36:57.495 [http-nio-8086-exec-7] ActiveBookingController -  Active Booking Updated Successfully
[INFO ] 2021-08-09 22:38:30.917 [restartedMain] VehicleRentingSystemApplication - Starting VehicleRentingSystemApplication using Java 16.0.1 on LAPTOP-95BKIJIV with PID 9612 (C:\Users\Indhu Acer\Desktop\Spring boot\VehicleRentingSystem\bin\main started by Indhu Acer in C:\Users\Indhu Acer\Desktop\Spring boot\VehicleRentingSystem)
[INFO ] 2021-08-09 22:38:30.935 [restartedMain] VehicleRentingSystemApplication - No active profile set, falling back to default profiles: default
[INFO ] 2021-08-09 22:38:40.046 [restartedMain] VehicleRentingSystemApplication - Started VehicleRentingSystemApplication in 9.748 seconds (JVM running for 12.23)
[INFO ] 2021-08-09 22:38:56.907 [http-nio-8086-exec-7] ActiveBookingController -  Active Booking Updated Successfully
[INFO ] 2021-08-09 22:39:06.888 [http-nio-8086-exec-9] ActiveBookingController - All the Active Booking have Successfully Viewed 
[INFO ] 2021-08-09 22:39:24.419 [http-nio-8086-exec-4] ActiveBookingController -  Active Booking Updated Successfully
[INFO ] 2021-08-09 22:39:24.430 [http-nio-8086-exec-4] ActiveBookingServiceImpl - ActiveBookingInvalidInputException Occured-Enter a valid Status 
[INFO ] 2021-08-09 22:40:01.650 [restartedMain] VehicleRentingSystemApplication - Starting VehicleRentingSystemApplication using Java 16.0.1 on LAPTOP-95BKIJIV with PID 9612 (C:\Users\Indhu Acer\Desktop\Spring boot\VehicleRentingSystem\bin\main started by Indhu Acer in C:\Users\Indhu Acer\Desktop\Spring boot\VehicleRentingSystem)
[INFO ] 2021-08-09 22:40:01.652 [restartedMain] VehicleRentingSystemApplication - No active profile set, falling back to default profiles: default
[INFO ] 2021-08-09 22:40:04.256 [restartedMain] VehicleRentingSystemApplication - Started VehicleRentingSystemApplication in 2.703 seconds (JVM running for 96.441)
[INFO ] 2021-08-09 22:40:18.228 [http-nio-8086-exec-9] ActiveBookingController -  Active Booking Updated Successfully
[INFO ] 2021-08-09 22:40:52.692 [http-nio-8086-exec-10] ActiveBookingController -  Active Booking Updated Successfully
[INFO ] 2021-08-09 22:40:52.699 [http-nio-8086-exec-10] ActiveBookingServiceImpl - ActiveBookingInvalidInputException Occured-Enter a valid Status 
[INFO ] 2021-08-09 22:42:06.315 [http-nio-8086-exec-2] ActiveBookingController -  Active Booking Updated Successfully
[INFO ] 2021-08-09 22:49:53.977 [restartedMain] VehicleRentingSystemApplication - Starting VehicleRentingSystemApplication using Java 16.0.1 on LAPTOP-95BKIJIV with PID 11744 (C:\Users\Indhu Acer\Desktop\Spring boot\VehicleRentingSystem\bin\main started by Indhu Acer in C:\Users\Indhu Acer\Desktop\Spring boot\VehicleRentingSystem)
[INFO ] 2021-08-09 22:49:53.996 [restartedMain] VehicleRentingSystemApplication - No active profile set, falling back to default profiles: default
[INFO ] 2021-08-09 22:50:02.768 [restartedMain] VehicleRentingSystemApplication - Started VehicleRentingSystemApplication in 9.404 seconds (JVM running for 11.897)
[INFO ] 2021-08-09 22:50:18.996 [http-nio-8086-exec-8] ActiveBookingController -  Active Booking Updated Successfully
[INFO ] 2021-08-09 22:51:29.949 [restartedMain] VehicleRentingSystemApplication - Starting VehicleRentingSystemApplication using Java 16.0.1 on LAPTOP-95BKIJIV with PID 6220 (C:\Users\Indhu Acer\Desktop\Spring boot\VehicleRentingSystem\bin\main started by Indhu Acer in C:\Users\Indhu Acer\Desktop\Spring boot\VehicleRentingSystem)
[INFO ] 2021-08-09 22:51:29.963 [restartedMain] VehicleRentingSystemApplication - No active profile set, falling back to default profiles: default
[INFO ] 2021-08-09 22:51:39.053 [restartedMain] VehicleRentingSystemApplication - Started VehicleRentingSystemApplication in 9.752 seconds (JVM running for 12.283)
[INFO ] 2021-08-09 22:51:53.358 [http-nio-8086-exec-2] ActiveBookingController - All the Active Booking have Successfully Viewed 
[INFO ] 2021-08-09 22:53:15.757 [restartedMain] VehicleRentingSystemApplication - Starting VehicleRentingSystemApplication using Java 16.0.1 on LAPTOP-95BKIJIV with PID 6220 (C:\Users\Indhu Acer\Desktop\Spring boot\VehicleRentingSystem\bin\main started by Indhu Acer in C:\Users\Indhu Acer\Desktop\Spring boot\VehicleRentingSystem)
[INFO ] 2021-08-09 22:53:15.759 [restartedMain] VehicleRentingSystemApplication - No active profile set, falling back to default profiles: default
[INFO ] 2021-08-09 22:53:18.274 [restartedMain] VehicleRentingSystemApplication - Started VehicleRentingSystemApplication in 2.601 seconds (JVM running for 111.504)
[INFO ] 2021-08-09 22:53:38.545 [http-nio-8086-exec-7] ActiveBookingController -  Active Booking Updated Successfully
[INFO ] 2021-08-09 22:54:08.023 [restartedMain] VehicleRentingSystemApplication - Starting VehicleRentingSystemApplication using Java 16.0.1 on LAPTOP-95BKIJIV with PID 6220 (C:\Users\Indhu Acer\Desktop\Spring boot\VehicleRentingSystem\bin\main started by Indhu Acer in C:\Users\Indhu Acer\Desktop\Spring boot\VehicleRentingSystem)
[INFO ] 2021-08-09 22:54:08.024 [restartedMain] VehicleRentingSystemApplication - No active profile set, falling back to default profiles: default
[INFO ] 2021-08-09 22:54:10.440 [restartedMain] VehicleRentingSystemApplication - Started VehicleRentingSystemApplication in 2.52 seconds (JVM running for 163.67)
[INFO ] 2021-08-09 22:54:22.327 [http-nio-8086-exec-7] ActiveBookingController -  Active Booking Updated Successfully
[INFO ] 2021-08-10 11:12:47.321 [restartedMain] VehicleRentingSystemApplication - Starting VehicleRentingSystemApplication using Java 16.0.1 on LAPTOP-95BKIJIV with PID 8988 (C:\Users\Indhu Acer\Desktop\Spring boot\VehicleRentingSystem\bin\main started by Indhu Acer in C:\Users\Indhu Acer\Desktop\Spring boot\VehicleRentingSystem)
[INFO ] 2021-08-10 11:12:47.348 [restartedMain] VehicleRentingSystemApplication - No active profile set, falling back to default profiles: default
[INFO ] 2021-08-10 11:13:00.051 [restartedMain] VehicleRentingSystemApplication - Started VehicleRentingSystemApplication in 13.675 seconds (JVM running for 17.128)
[INFO ] 2021-08-10 11:17:35.103 [restartedMain] VehicleRentingSystemApplication - Starting VehicleRentingSystemApplication using Java 16.0.1 on LAPTOP-95BKIJIV with PID 8988 (C:\Users\Indhu Acer\Desktop\Spring boot\VehicleRentingSystem\bin\main started by Indhu Acer in C:\Users\Indhu Acer\Desktop\Spring boot\VehicleRentingSystem)
[INFO ] 2021-08-10 11:17:35.104 [restartedMain] VehicleRentingSystemApplication - No active profile set, falling back to default profiles: default
[INFO ] 2021-08-10 11:17:38.032 [restartedMain] VehicleRentingSystemApplication - Started VehicleRentingSystemApplication in 3.03 seconds (JVM running for 295.109)
[INFO ] 2021-08-10 11:18:31.971 [Test worker] VehicleRentingSystemApplicationTests - Starting VehicleRentingSystemApplicationTests using Java 1.8.0_301 on LAPTOP-95BKIJIV with PID 8896 (started by Indhu Acer in C:\Users\Indhu Acer\Desktop\Spring boot\VehicleRentingSystem)
[INFO ] 2021-08-10 11:18:31.982 [Test worker] VehicleRentingSystemApplicationTests - No active profile set, falling back to default profiles: default
[INFO ] 2021-08-10 11:18:51.837 [Test worker] VehicleRentingSystemApplicationTests - Started VehicleRentingSystemApplicationTests in 20.401 seconds (JVM running for 33.315)
[INFO ] 2021-08-10 11:33:42.070 [restartedMain] VehicleRentingSystemApplication - Starting VehicleRentingSystemApplication using Java 16.0.1 on LAPTOP-95BKIJIV with PID 8988 (C:\Users\Indhu Acer\Desktop\Spring boot\VehicleRentingSystem\bin\main started by Indhu Acer in C:\Users\Indhu Acer\Desktop\Spring boot\VehicleRentingSystem)
[INFO ] 2021-08-10 11:33:42.071 [restartedMain] VehicleRentingSystemApplication - No active profile set, falling back to default profiles: default
[INFO ] 2021-08-10 11:33:43.293 [restartedMain] VehicleRentingSystemApplication - Started VehicleRentingSystemApplication in 1.266 seconds (JVM running for 1260.37)
[INFO ] 2021-08-10 11:42:02.550 [http-nio-8086-exec-2] ActiveBookingController - All the Active Booking have Successfully Viewed 
[INFO ] 2021-08-10 11:43:20.303 [restartedMain] VehicleRentingSystemApplication - Starting VehicleRentingSystemApplication using Java 16.0.1 on LAPTOP-95BKIJIV with PID 8988 (C:\Users\Indhu Acer\Desktop\Spring boot\VehicleRentingSystem\bin\main started by Indhu Acer in C:\Users\Indhu Acer\Desktop\Spring boot\VehicleRentingSystem)
[INFO ] 2021-08-10 11:43:20.304 [restartedMain] VehicleRentingSystemApplication - No active profile set, falling back to default profiles: default
[INFO ] 2021-08-10 11:43:21.874 [restartedMain] VehicleRentingSystemApplication - Started VehicleRentingSystemApplication in 1.638 seconds (JVM running for 1838.952)
[INFO ] 2021-08-10 11:43:23.686 [main] ActiveBookingServiceTest - Starting ActiveBookingServiceTest using Java 16.0.1 on LAPTOP-95BKIJIV with PID 1968 (started by Indhu Acer in C:\Users\Indhu Acer\Desktop\Spring boot\VehicleRentingSystem)
[INFO ] 2021-08-10 11:43:23.695 [main] ActiveBookingServiceTest - No active profile set, falling back to default profiles: default
[INFO ] 2021-08-10 11:43:30.991 [main] ActiveBookingServiceTest - Started ActiveBookingServiceTest in 7.612 seconds (JVM running for 10.549)
[INFO ] 2021-08-10 11:43:46.283 [main] ActiveBookingServiceTest - Starting ActiveBookingServiceTest using Java 16.0.1 on LAPTOP-95BKIJIV with PID 824 (started by Indhu Acer in C:\Users\Indhu Acer\Desktop\Spring boot\VehicleRentingSystem)
[INFO ] 2021-08-10 11:43:46.290 [main] ActiveBookingServiceTest - No active profile set, falling back to default profiles: default
[INFO ] 2021-08-10 11:43:53.190 [main] ActiveBookingServiceTest - Started ActiveBookingServiceTest in 7.234 seconds (JVM running for 9.339)
[INFO ] 2021-08-10 11:46:50.029 [main] ActiveBookingServiceTest - Starting ActiveBookingServiceTest using Java 16.0.1 on LAPTOP-95BKIJIV with PID 7844 (started by Indhu Acer in C:\Users\Indhu Acer\Desktop\Spring boot\VehicleRentingSystem)
[INFO ] 2021-08-10 11:46:50.037 [main] ActiveBookingServiceTest - No active profile set, falling back to default profiles: default
[INFO ] 2021-08-10 11:46:57.721 [main] ActiveBookingServiceTest - Started ActiveBookingServiceTest in 8.036 seconds (JVM running for 10.136)
[INFO ] 2021-08-10 11:46:58.137 [main] ActiveBookingServiceImpl - ActiveBookingDuplicateValue Exception occured-ActiveBooking Id is already there 
[INFO ] 2021-08-10 11:47:29.431 [main] ActiveBookingServiceTest - Starting ActiveBookingServiceTest using Java 16.0.1 on LAPTOP-95BKIJIV with PID 10804 (started by Indhu Acer in C:\Users\Indhu Acer\Desktop\Spring boot\VehicleRentingSystem)
[INFO ] 2021-08-10 11:47:29.438 [main] ActiveBookingServiceTest - No active profile set, falling back to default profiles: default
[INFO ] 2021-08-10 11:47:37.178 [main] ActiveBookingServiceTest - Started ActiveBookingServiceTest in 8.094 seconds (JVM running for 10.258)
[INFO ] 2021-08-10 11:47:43.392 [http-nio-8086-exec-1] ActiveBookingController - All the Active Booking have Successfully Viewed 
[INFO ] 2021-08-10 11:47:44.684 [http-nio-8086-exec-2] ActiveBookingController - All the Active Booking have Successfully Viewed 
[INFO ] 2021-08-10 11:49:35.252 [main] ActiveBookingServiceTest - Starting ActiveBookingServiceTest using Java 16.0.1 on LAPTOP-95BKIJIV with PID 7264 (started by Indhu Acer in C:\Users\Indhu Acer\Desktop\Spring boot\VehicleRentingSystem)
[INFO ] 2021-08-10 11:49:35.263 [main] ActiveBookingServiceTest - No active profile set, falling back to default profiles: default
[INFO ] 2021-08-10 11:49:43.421 [main] ActiveBookingServiceTest - Started ActiveBookingServiceTest in 8.522 seconds (JVM running for 10.616)
[INFO ] 2021-08-10 11:49:43.836 [main] ActiveBookingServiceImpl - ActiveBookingDuplicateValue Exception occured-ActiveBooking Id is already there 
[INFO ] 2021-08-10 11:51:17.664 [main] ActiveBookingServiceTest - Starting ActiveBookingServiceTest using Java 16.0.1 on LAPTOP-95BKIJIV with PID 2672 (started by Indhu Acer in C:\Users\Indhu Acer\Desktop\Spring boot\VehicleRentingSystem)
[INFO ] 2021-08-10 11:51:17.670 [main] ActiveBookingServiceTest - No active profile set, falling back to default profiles: default
[INFO ] 2021-08-10 11:51:25.102 [main] ActiveBookingServiceTest - Started ActiveBookingServiceTest in 7.758 seconds (JVM running for 9.865)
[INFO ] 2021-08-10 11:51:25.611 [main] ActiveBookingServiceImpl - ActiveBookingDuplicateValue Exception occured-ActiveBooking Id is already there 
[INFO ] 2021-08-10 11:51:33.031 [http-nio-8086-exec-5] ActiveBookingController - All the Active Booking have Successfully Viewed 
[INFO ] 2021-08-10 11:51:34.387 [http-nio-8086-exec-6] ActiveBookingController - All the Active Booking have Successfully Viewed 
[INFO ] 2021-08-10 11:51:35.555 [http-nio-8086-exec-7] ActiveBookingController - All the Active Booking have Successfully Viewed 
[INFO ] 2021-08-10 11:51:36.147 [http-nio-8086-exec-8] ActiveBookingController - All the Active Booking have Successfully Viewed 
[INFO ] 2021-08-10 11:51:36.812 [http-nio-8086-exec-9] ActiveBookingController - All the Active Booking have Successfully Viewed 
[INFO ] 2021-08-10 11:51:37.522 [http-nio-8086-exec-10] ActiveBookingController - All the Active Booking have Successfully Viewed 
[INFO ] 2021-08-10 11:51:38.251 [http-nio-8086-exec-3] ActiveBookingController - All the Active Booking have Successfully Viewed 
[INFO ] 2021-08-10 11:55:51.743 [main] ActiveBookingServiceTest - Starting ActiveBookingServiceTest using Java 16.0.1 on LAPTOP-95BKIJIV with PID 1956 (started by Indhu Acer in C:\Users\Indhu Acer\Desktop\Spring boot\VehicleRentingSystem)
[INFO ] 2021-08-10 11:55:51.751 [main] ActiveBookingServiceTest - No active profile set, falling back to default profiles: default
[INFO ] 2021-08-10 11:55:59.676 [main] ActiveBookingServiceTest - Started ActiveBookingServiceTest in 8.296 seconds (JVM running for 10.317)
[INFO ] 2021-08-10 11:56:00.154 [main] ActiveBookingServiceImpl - ActiveBookingDuplicateValue Exception occured-ActiveBooking Id is already there 
[INFO ] 2021-08-10 11:56:53.701 [main] ActiveBookingServiceTest - Starting ActiveBookingServiceTest using Java 16.0.1 on LAPTOP-95BKIJIV with PID 3456 (started by Indhu Acer in C:\Users\Indhu Acer\Desktop\Spring boot\VehicleRentingSystem)
[INFO ] 2021-08-10 11:56:53.707 [main] ActiveBookingServiceTest - No active profile set, falling back to default profiles: default
[INFO ] 2021-08-10 11:57:01.550 [main] ActiveBookingServiceTest - Started ActiveBookingServiceTest in 8.161 seconds (JVM running for 10.281)
[INFO ] 2021-08-10 11:57:02.026 [main] ActiveBookingServiceImpl - ActiveBookingDuplicateValue Exception occured-ActiveBooking Id is already there 
[INFO ] 2021-08-10 11:57:37.361 [main] ActiveBookingServiceTest - Starting ActiveBookingServiceTest using Java 16.0.1 on LAPTOP-95BKIJIV with PID 3668 (started by Indhu Acer in C:\Users\Indhu Acer\Desktop\Spring boot\VehicleRentingSystem)
[INFO ] 2021-08-10 11:57:37.368 [main] ActiveBookingServiceTest - No active profile set, falling back to default profiles: default
[INFO ] 2021-08-10 11:57:44.906 [main] ActiveBookingServiceTest - Started ActiveBookingServiceTest in 7.878 seconds (JVM running for 9.979)
[INFO ] 2021-08-10 11:57:45.404 [main] ActiveBookingServiceImpl - ActiveBookingDuplicateValue Exception occured-ActiveBooking Id is already there 
[INFO ] 2021-08-10 12:04:49.447 [main] ActiveBookingServiceTest - Starting ActiveBookingServiceTest using Java 16.0.1 on LAPTOP-95BKIJIV with PID 524 (started by Indhu Acer in C:\Users\Indhu Acer\Desktop\Spring boot\VehicleRentingSystem)
[INFO ] 2021-08-10 12:04:49.454 [main] ActiveBookingServiceTest - No active profile set, falling back to default profiles: default
[INFO ] 2021-08-10 12:04:57.416 [main] ActiveBookingServiceTest - Started ActiveBookingServiceTest in 8.315 seconds (JVM running for 10.543)
[INFO ] 2021-08-10 12:04:57.888 [main] ActiveBookingServiceImpl - ActiveBookingDuplicateValue Exception occured-ActiveBooking Id is already there 
[INFO ] 2021-08-10 12:05:45.107 [main] ActiveBookingServiceTest - Starting ActiveBookingServiceTest using Java 16.0.1 on LAPTOP-95BKIJIV with PID 1296 (started by Indhu Acer in C:\Users\Indhu Acer\Desktop\Spring boot\VehicleRentingSystem)
[INFO ] 2021-08-10 12:05:45.121 [main] ActiveBookingServiceTest - No active profile set, falling back to default profiles: default
[INFO ] 2021-08-10 12:05:53.415 [main] ActiveBookingServiceTest - Started ActiveBookingServiceTest in 8.71 seconds (JVM running for 10.87)
[INFO ] 2021-08-10 12:05:53.807 [main] ActiveBookingServiceImpl - ActiveBookingNotFoundException Occured-InProgress list is Empty
[INFO ] 2021-08-10 12:05:53.900 [main] ActiveBookingServiceImpl - ActiveBookingDuplicateValue Exception occured-ActiveBooking Id is already there 
[INFO ] 2021-08-10 12:07:12.898 [http-nio-8086-exec-6] ActiveBookingController - All the Active Booking have Successfully Viewed 
[INFO ] 2021-08-10 12:07:34.775 [http-nio-8086-exec-5] ActiveBookingController - Active Booking Deleted Successfully
[INFO ] 2021-08-10 12:07:39.458 [http-nio-8086-exec-4] ActiveBookingController - Active Booking Deleted Successfully
[INFO ] 2021-08-10 12:07:42.724 [http-nio-8086-exec-6] ActiveBookingController - All the Active Booking have Successfully Viewed 
[INFO ] 2021-08-10 12:07:43.107 [http-nio-8086-exec-7] ActiveBookingController - All the Active Booking have Successfully Viewed 
[INFO ] 2021-08-10 12:07:56.731 [http-nio-8086-exec-10] ActiveBookingController - Active Booking Deleted Successfully
[INFO ] 2021-08-10 12:07:59.091 [http-nio-8086-exec-2] ActiveBookingController - All the Active Booking have Successfully Viewed 
[INFO ] 2021-08-10 12:08:18.596 [http-nio-8086-exec-5] ActiveBookingController - New Active Booking added Successfully 
[INFO ] 2021-08-10 12:08:31.629 [http-nio-8086-exec-6] ActiveBookingController - New Active Booking added Successfully 
[INFO ] 2021-08-10 12:08:42.551 [http-nio-8086-exec-9] ActiveBookingController - New Active Booking added Successfully 
[INFO ] 2021-08-10 12:08:44.629 [http-nio-8086-exec-10] ActiveBookingController - All the Active Booking have Successfully Viewed 
[INFO ] 2021-08-10 12:09:19.930 [main] ActiveBookingServiceTest - Starting ActiveBookingServiceTest using Java 16.0.1 on LAPTOP-95BKIJIV with PID 5004 (started by Indhu Acer in C:\Users\Indhu Acer\Desktop\Spring boot\VehicleRentingSystem)
[INFO ] 2021-08-10 12:09:19.937 [main] ActiveBookingServiceTest - No active profile set, falling back to default profiles: default
[INFO ] 2021-08-10 12:09:27.770 [main] ActiveBookingServiceTest - Started ActiveBookingServiceTest in 8.204 seconds (JVM running for 10.375)
[INFO ] 2021-08-10 12:09:48.289 [main] ActiveBookingServiceTest - Starting ActiveBookingServiceTest using Java 16.0.1 on LAPTOP-95BKIJIV with PID 11224 (started by Indhu Acer in C:\Users\Indhu Acer\Desktop\Spring boot\VehicleRentingSystem)
[INFO ] 2021-08-10 12:09:48.295 [main] ActiveBookingServiceTest - No active profile set, falling back to default profiles: default
[INFO ] 2021-08-10 12:09:56.084 [main] ActiveBookingServiceTest - Started ActiveBookingServiceTest in 8.127 seconds (JVM running for 10.317)
[INFO ] 2021-08-10 12:09:56.596 [main] ActiveBookingServiceImpl - ActiveBookingDuplicateValue Exception occured-ActiveBooking Id is already there 
[INFO ] 2021-08-10 12:10:07.188 [http-nio-8086-exec-3] ActiveBookingController - All the Active Booking have Successfully Viewed 
[INFO ] 2021-08-10 12:10:08.043 [http-nio-8086-exec-5] ActiveBookingController - All the Active Booking have Successfully Viewed 
[INFO ] 2021-08-10 12:10:08.553 [http-nio-8086-exec-4] ActiveBookingController - All the Active Booking have Successfully Viewed 
[INFO ] 2021-08-10 12:10:08.913 [http-nio-8086-exec-6] ActiveBookingController - All the Active Booking have Successfully Viewed 
[INFO ] 2021-08-10 12:10:09.244 [http-nio-8086-exec-7] ActiveBookingController - All the Active Booking have Successfully Viewed 
[INFO ] 2021-08-10 12:10:09.506 [http-nio-8086-exec-9] ActiveBookingController - All the Active Booking have Successfully Viewed 
[INFO ] 2021-08-10 12:10:09.923 [http-nio-8086-exec-1] ActiveBookingController - All the Active Booking have Successfully Viewed 
[INFO ] 2021-08-10 12:10:10.329 [http-nio-8086-exec-2] ActiveBookingController - All the Active Booking have Successfully Viewed 
[INFO ] 2021-08-10 12:11:22.219 [main] ActiveBookingServiceTest - Starting ActiveBookingServiceTest using Java 16.0.1 on LAPTOP-95BKIJIV with PID 11968 (started by Indhu Acer in C:\Users\Indhu Acer\Desktop\Spring boot\VehicleRentingSystem)
[INFO ] 2021-08-10 12:11:22.225 [main] ActiveBookingServiceTest - No active profile set, falling back to default profiles: default
[INFO ] 2021-08-10 12:11:29.881 [main] ActiveBookingServiceTest - Started ActiveBookingServiceTest in 8.003 seconds (JVM running for 10.114)
[INFO ] 2021-08-10 12:11:44.298 [http-nio-8086-exec-4] ActiveBookingController - All the Active Booking have Successfully Viewed 
[INFO ] 2021-08-10 12:11:44.786 [http-nio-8086-exec-9] ActiveBookingController - All the Active Booking have Successfully Viewed 
[INFO ] 2021-08-10 12:11:45.195 [http-nio-8086-exec-10] ActiveBookingController - All the Active Booking have Successfully Viewed 
[INFO ] 2021-08-10 12:11:45.681 [http-nio-8086-exec-8] ActiveBookingController - All the Active Booking have Successfully Viewed 
[INFO ] 2021-08-10 12:11:46.548 [http-nio-8086-exec-1] ActiveBookingController - All the Active Booking have Successfully Viewed 
[INFO ] 2021-08-10 12:12:13.444 [main] ActiveBookingServiceTest - Starting ActiveBookingServiceTest using Java 16.0.1 on LAPTOP-95BKIJIV with PID 8752 (started by Indhu Acer in C:\Users\Indhu Acer\Desktop\Spring boot\VehicleRentingSystem)
[INFO ] 2021-08-10 12:12:13.451 [main] ActiveBookingServiceTest - No active profile set, falling back to default profiles: default
[INFO ] 2021-08-10 12:12:21.284 [main] ActiveBookingServiceTest - Started ActiveBookingServiceTest in 8.152 seconds (JVM running for 10.364)
[INFO ] 2021-08-10 12:12:48.669 [main] ActiveBookingServiceTest - Starting ActiveBookingServiceTest using Java 16.0.1 on LAPTOP-95BKIJIV with PID 3024 (started by Indhu Acer in C:\Users\Indhu Acer\Desktop\Spring boot\VehicleRentingSystem)
[INFO ] 2021-08-10 12:12:48.677 [main] ActiveBookingServiceTest - No active profile set, falling back to default profiles: default
[INFO ] 2021-08-10 12:12:56.363 [main] ActiveBookingServiceTest - Started ActiveBookingServiceTest in 8.02 seconds (JVM running for 10.17)
[INFO ] 2021-08-10 12:13:57.310 [main] ActiveBookingServiceTest - Starting ActiveBookingServiceTest using Java 16.0.1 on LAPTOP-95BKIJIV with PID 9572 (started by Indhu Acer in C:\Users\Indhu Acer\Desktop\Spring boot\VehicleRentingSystem)
[INFO ] 2021-08-10 12:13:57.321 [main] ActiveBookingServiceTest - No active profile set, falling back to default profiles: default
[INFO ] 2021-08-10 12:14:05.204 [main] ActiveBookingServiceTest - Started ActiveBookingServiceTest in 8.26 seconds (JVM running for 10.369)
[INFO ] 2021-08-10 12:22:26.850 [main] ActiveBookingServiceTest - Starting ActiveBookingServiceTest using Java 16.0.1 on LAPTOP-95BKIJIV with PID 148 (started by Indhu Acer in C:\Users\Indhu Acer\Desktop\Spring boot\VehicleRentingSystem)
[INFO ] 2021-08-10 12:22:26.857 [main] ActiveBookingServiceTest - No active profile set, falling back to default profiles: default
[INFO ] 2021-08-10 12:22:35.499 [main] ActiveBookingServiceTest - Started ActiveBookingServiceTest in 8.994 seconds (JVM running for 11.378)
[INFO ] 2021-08-10 12:23:23.939 [main] ActiveBookingServiceTest - Starting ActiveBookingServiceTest using Java 16.0.1 on LAPTOP-95BKIJIV with PID 2380 (started by Indhu Acer in C:\Users\Indhu Acer\Desktop\Spring boot\VehicleRentingSystem)
[INFO ] 2021-08-10 12:23:23.950 [main] ActiveBookingServiceTest - No active profile set, falling back to default profiles: default
[INFO ] 2021-08-10 12:23:32.561 [main] ActiveBookingServiceTest - Started ActiveBookingServiceTest in 9.084 seconds (JVM running for 11.869)
[INFO ] 2021-08-10 12:26:24.945 [http-nio-8086-exec-5] ActiveBookingController - New Active Booking added Successfully 
[INFO ] 2021-08-10 12:26:28.698 [http-nio-8086-exec-4] ActiveBookingController - All the Active Booking have Successfully Viewed 
[INFO ] 2021-08-10 12:26:35.664 [main] ActiveBookingServiceTest - Starting ActiveBookingServiceTest using Java 16.0.1 on LAPTOP-95BKIJIV with PID 1484 (started by Indhu Acer in C:\Users\Indhu Acer\Desktop\Spring boot\VehicleRentingSystem)
[INFO ] 2021-08-10 12:26:35.671 [main] ActiveBookingServiceTest - No active profile set, falling back to default profiles: default
[INFO ] 2021-08-10 12:26:43.259 [main] ActiveBookingServiceTest - Started ActiveBookingServiceTest in 7.903 seconds (JVM running for 9.894)
[INFO ] 2021-08-10 12:39:08.615 [restartedMain] VehicleRentingSystemApplication - Starting VehicleRentingSystemApplication using Java 16.0.1 on LAPTOP-95BKIJIV with PID 8988 (C:\Users\Indhu Acer\Desktop\Spring boot\VehicleRentingSystem\bin\main started by Indhu Acer in C:\Users\Indhu Acer\Desktop\Spring boot\VehicleRentingSystem)
[INFO ] 2021-08-10 12:39:08.616 [restartedMain] VehicleRentingSystemApplication - No active profile set, falling back to default profiles: default
[INFO ] 2021-08-10 12:39:11.414 [restartedMain] VehicleRentingSystemApplication - Started VehicleRentingSystemApplication in 2.915 seconds (JVM running for 5188.492)
[INFO ] 2021-08-10 12:44:09.175 [Test worker] ActiveBookingServiceTest - Starting ActiveBookingServiceTest using Java 1.8.0_301 on LAPTOP-95BKIJIV with PID 2976 (started by Indhu Acer in C:\Users\Indhu Acer\Desktop\Spring boot\VehicleRentingSystem)
[INFO ] 2021-08-10 12:44:09.191 [Test worker] ActiveBookingServiceTest - No active profile set, falling back to default profiles: default
[INFO ] 2021-08-10 12:44:26.165 [Test worker] ActiveBookingServiceTest - Started ActiveBookingServiceTest in 17.677 seconds (JVM running for 28.28)
[INFO ] 2021-08-10 12:45:47.736 [main] ActiveBookingServiceTest - Starting ActiveBookingServiceTest using Java 16.0.1 on LAPTOP-95BKIJIV with PID 216 (started by Indhu Acer in C:\Users\Indhu Acer\Desktop\Spring boot\VehicleRentingSystem)
[INFO ] 2021-08-10 12:45:47.755 [main] ActiveBookingServiceTest - No active profile set, falling back to default profiles: default
[INFO ] 2021-08-10 12:46:02.425 [main] ActiveBookingServiceTest - Started ActiveBookingServiceTest in 15.333 seconds (JVM running for 19.264)
[INFO ] 2021-08-10 12:46:40.346 [Test worker] ActiveBookingServiceTest - Starting ActiveBookingServiceTest using Java 1.8.0_301 on LAPTOP-95BKIJIV with PID 2448 (started by Indhu Acer in C:\Users\Indhu Acer\Desktop\Spring boot\VehicleRentingSystem)
[INFO ] 2021-08-10 12:46:40.362 [Test worker] ActiveBookingServiceTest - No active profile set, falling back to default profiles: default
[INFO ] 2021-08-10 12:46:57.468 [Test worker] ActiveBookingServiceTest - Started ActiveBookingServiceTest in 17.666 seconds (JVM running for 27.928)
[INFO ] 2021-08-10 14:04:19.458 [Test worker] ActiveBookingServiceTest - Starting ActiveBookingServiceTest using Java 1.8.0_301 on LAPTOP-95BKIJIV with PID 3392 (started by Indhu Acer in C:\Users\Indhu Acer\Desktop\Spring boot\VehicleRentingSystem)
[INFO ] 2021-08-10 14:04:19.472 [Test worker] ActiveBookingServiceTest - No active profile set, falling back to default profiles: default
[INFO ] 2021-08-10 14:04:39.349 [Test worker] ActiveBookingServiceTest - Started ActiveBookingServiceTest in 20.468 seconds (JVM running for 30.895)
[INFO ] 2021-08-10 14:09:30.169 [main] ActiveBookingServiceTest - Starting ActiveBookingServiceTest using Java 16.0.1 on LAPTOP-95BKIJIV with PID 9608 (started by Indhu Acer in C:\Users\Indhu Acer\Desktop\Spring boot\VehicleRentingSystem)
[INFO ] 2021-08-10 14:09:30.181 [main] ActiveBookingServiceTest - No active profile set, falling back to default profiles: default
[INFO ] 2021-08-10 14:09:44.625 [main] ActiveBookingServiceTest - Started ActiveBookingServiceTest in 14.961 seconds (JVM running for 19.944)
[INFO ] 2021-08-10 14:13:31.232 [restartedMain] VehicleRentingSystemApplication - Starting VehicleRentingSystemApplication using Java 16.0.1 on LAPTOP-95BKIJIV with PID 12712 (C:\Users\Indhu Acer\Desktop\Spring boot\VehicleRentingSystem\bin\main started by Indhu Acer in C:\Users\Indhu Acer\Desktop\Spring boot\VehicleRentingSystem)
[INFO ] 2021-08-10 14:13:31.250 [restartedMain] VehicleRentingSystemApplication - No active profile set, falling back to default profiles: default
[INFO ] 2021-08-10 14:13:40.595 [restartedMain] VehicleRentingSystemApplication - Started VehicleRentingSystemApplication in 10.082 seconds (JVM running for 12.951)
[INFO ] 2021-08-10 14:13:48.361 [http-nio-8086-exec-1] ActiveBookingController - All the Active Booking have Successfully Viewed 
[INFO ] 2021-08-10 14:16:34.690 [Test worker] ActiveBookingServiceTest - Starting ActiveBookingServiceTest using Java 1.8.0_301 on LAPTOP-95BKIJIV with PID 9684 (started by Indhu Acer in C:\Users\Indhu Acer\Desktop\Spring boot\VehicleRentingSystem)
[INFO ] 2021-08-10 14:16:34.703 [Test worker] ActiveBookingServiceTest - No active profile set, falling back to default profiles: default
[INFO ] 2021-08-10 14:16:54.800 [Test worker] ActiveBookingServiceTest - Started ActiveBookingServiceTest in 20.738 seconds (JVM running for 31.862)
[INFO ] 2021-08-10 14:38:55.684 [restartedMain] VehicleRentingSystemApplication - Starting VehicleRentingSystemApplication using Java 16.0.1 on LAPTOP-95BKIJIV with PID 12712 (C:\Users\Indhu Acer\Desktop\Spring boot\VehicleRentingSystem\bin\main started by Indhu Acer in C:\Users\Indhu Acer\Desktop\Spring boot\VehicleRentingSystem)
[INFO ] 2021-08-10 14:38:55.687 [restartedMain] VehicleRentingSystemApplication - No active profile set, falling back to default profiles: default
[INFO ] 2021-08-10 14:38:58.563 [restartedMain] VehicleRentingSystemApplication - Started VehicleRentingSystemApplication in 3.087 seconds (JVM running for 1530.919)
[INFO ] 2021-08-10 14:44:58.596 [restartedMain] VehicleRentingSystemApplication - Starting VehicleRentingSystemApplication using Java 16.0.1 on LAPTOP-95BKIJIV with PID 12712 (C:\Users\Indhu Acer\Desktop\Spring boot\VehicleRentingSystem\bin\main started by Indhu Acer in C:\Users\Indhu Acer\Desktop\Spring boot\VehicleRentingSystem)
[INFO ] 2021-08-10 14:44:58.599 [restartedMain] VehicleRentingSystemApplication - No active profile set, falling back to default profiles: default
[INFO ] 2021-08-10 14:45:01.462 [restartedMain] VehicleRentingSystemApplication - Started VehicleRentingSystemApplication in 3.014 seconds (JVM running for 1893.817)
[INFO ] 2021-08-10 14:46:09.794 [restartedMain] VehicleRentingSystemApplication - Starting VehicleRentingSystemApplication using Java 16.0.1 on LAPTOP-95BKIJIV with PID 12712 (C:\Users\Indhu Acer\Desktop\Spring boot\VehicleRentingSystem\bin\main started by Indhu Acer in C:\Users\Indhu Acer\Desktop\Spring boot\VehicleRentingSystem)
[INFO ] 2021-08-10 14:46:09.796 [restartedMain] VehicleRentingSystemApplication - No active profile set, falling back to default profiles: default
[INFO ] 2021-08-10 14:46:12.684 [restartedMain] VehicleRentingSystemApplication - Started VehicleRentingSystemApplication in 3.036 seconds (JVM running for 1965.04)
[INFO ] 2021-08-10 14:46:58.333 [restartedMain] VehicleRentingSystemApplication - Starting VehicleRentingSystemApplication using Java 16.0.1 on LAPTOP-95BKIJIV with PID 12712 (C:\Users\Indhu Acer\Desktop\Spring boot\VehicleRentingSystem\bin\main started by Indhu Acer in C:\Users\Indhu Acer\Desktop\Spring boot\VehicleRentingSystem)
[INFO ] 2021-08-10 14:46:58.334 [restartedMain] VehicleRentingSystemApplication - No active profile set, falling back to default profiles: default
[INFO ] 2021-08-10 14:47:00.760 [restartedMain] VehicleRentingSystemApplication - Started VehicleRentingSystemApplication in 2.513 seconds (JVM running for 2013.116)
[INFO ] 2021-08-10 14:47:28.380 [restartedMain] VehicleRentingSystemApplication - Starting VehicleRentingSystemApplication using Java 16.0.1 on LAPTOP-95BKIJIV with PID 12712 (C:\Users\Indhu Acer\Desktop\Spring boot\VehicleRentingSystem\bin\main started by Indhu Acer in C:\Users\Indhu Acer\Desktop\Spring boot\VehicleRentingSystem)
[INFO ] 2021-08-10 14:47:28.382 [restartedMain] VehicleRentingSystemApplication - No active profile set, falling back to default profiles: default
[INFO ] 2021-08-10 14:47:31.007 [restartedMain] VehicleRentingSystemApplication - Started VehicleRentingSystemApplication in 2.714 seconds (JVM running for 2043.363)
[INFO ] 2021-08-10 14:47:43.813 [restartedMain] VehicleRentingSystemApplication - Starting VehicleRentingSystemApplication using Java 16.0.1 on LAPTOP-95BKIJIV with PID 12712 (C:\Users\Indhu Acer\Desktop\Spring boot\VehicleRentingSystem\bin\main started by Indhu Acer in C:\Users\Indhu Acer\Desktop\Spring boot\VehicleRentingSystem)
[INFO ] 2021-08-10 14:47:43.815 [restartedMain] VehicleRentingSystemApplication - No active profile set, falling back to default profiles: default
[INFO ] 2021-08-10 14:47:46.423 [restartedMain] VehicleRentingSystemApplication - Started VehicleRentingSystemApplication in 2.717 seconds (JVM running for 2058.779)
[INFO ] 2021-08-10 14:48:30.614 [restartedMain] VehicleRentingSystemApplication - Starting VehicleRentingSystemApplication using Java 16.0.1 on LAPTOP-95BKIJIV with PID 12712 (C:\Users\Indhu Acer\Desktop\Spring boot\VehicleRentingSystem\bin\main started by Indhu Acer in C:\Users\Indhu Acer\Desktop\Spring boot\VehicleRentingSystem)
[INFO ] 2021-08-10 14:48:30.616 [restartedMain] VehicleRentingSystemApplication - No active profile set, falling back to default profiles: default
[INFO ] 2021-08-10 14:48:33.166 [restartedMain] VehicleRentingSystemApplication - Started VehicleRentingSystemApplication in 2.667 seconds (JVM running for 2105.522)
[INFO ] 2021-08-10 14:52:01.327 [restartedMain] VehicleRentingSystemApplication - Starting VehicleRentingSystemApplication using Java 16.0.1 on LAPTOP-95BKIJIV with PID 12712 (C:\Users\Indhu Acer\Desktop\Spring boot\VehicleRentingSystem\bin\main started by Indhu Acer in C:\Users\Indhu Acer\Desktop\Spring boot\VehicleRentingSystem)
[INFO ] 2021-08-10 14:52:01.329 [restartedMain] VehicleRentingSystemApplication - No active profile set, falling back to default profiles: default
[INFO ] 2021-08-10 14:52:26.238 [restartedMain] VehicleRentingSystemApplication - Starting VehicleRentingSystemApplication using Java 16.0.1 on LAPTOP-95BKIJIV with PID 12712 (C:\Users\Indhu Acer\Desktop\Spring boot\VehicleRentingSystem\bin\main started by Indhu Acer in C:\Users\Indhu Acer\Desktop\Spring boot\VehicleRentingSystem)
[INFO ] 2021-08-10 14:52:26.240 [restartedMain] VehicleRentingSystemApplication - No active profile set, falling back to default profiles: default
[INFO ] 2021-08-10 14:52:28.770 [restartedMain] VehicleRentingSystemApplication - Started VehicleRentingSystemApplication in 2.641 seconds (JVM running for 2341.125)
[INFO ] 2021-08-10 14:53:13.340 [restartedMain] VehicleRentingSystemApplication - Starting VehicleRentingSystemApplication using Java 16.0.1 on LAPTOP-95BKIJIV with PID 12712 (C:\Users\Indhu Acer\Desktop\Spring boot\VehicleRentingSystem\bin\main started by Indhu Acer in C:\Users\Indhu Acer\Desktop\Spring boot\VehicleRentingSystem)
[INFO ] 2021-08-10 14:53:13.342 [restartedMain] VehicleRentingSystemApplication - No active profile set, falling back to default profiles: default
[INFO ] 2021-08-10 14:53:30.061 [restartedMain] VehicleRentingSystemApplication - Starting VehicleRentingSystemApplication using Java 16.0.1 on LAPTOP-95BKIJIV with PID 12712 (C:\Users\Indhu Acer\Desktop\Spring boot\VehicleRentingSystem\bin\main started by Indhu Acer in C:\Users\Indhu Acer\Desktop\Spring boot\VehicleRentingSystem)
[INFO ] 2021-08-10 14:53:30.063 [restartedMain] VehicleRentingSystemApplication - No active profile set, falling back to default profiles: default
[INFO ] 2021-08-10 14:54:28.574 [restartedMain] VehicleRentingSystemApplication - Starting VehicleRentingSystemApplication using Java 16.0.1 on LAPTOP-95BKIJIV with PID 12712 (C:\Users\Indhu Acer\Desktop\Spring boot\VehicleRentingSystem\bin\main started by Indhu Acer in C:\Users\Indhu Acer\Desktop\Spring boot\VehicleRentingSystem)
[INFO ] 2021-08-10 14:54:28.576 [restartedMain] VehicleRentingSystemApplication - No active profile set, falling back to default profiles: default
[INFO ] 2021-08-10 14:55:59.506 [restartedMain] VehicleRentingSystemApplication - Starting VehicleRentingSystemApplication using Java 16.0.1 on LAPTOP-95BKIJIV with PID 12712 (C:\Users\Indhu Acer\Desktop\Spring boot\VehicleRentingSystem\bin\main started by Indhu Acer in C:\Users\Indhu Acer\Desktop\Spring boot\VehicleRentingSystem)
[INFO ] 2021-08-10 14:55:59.508 [restartedMain] VehicleRentingSystemApplication - No active profile set, falling back to default profiles: default
[INFO ] 2021-08-10 14:59:40.650 [restartedMain] VehicleRentingSystemApplication - Starting VehicleRentingSystemApplication using Java 16.0.1 on LAPTOP-95BKIJIV with PID 12712 (C:\Users\Indhu Acer\Desktop\Spring boot\VehicleRentingSystem\bin\main started by Indhu Acer in C:\Users\Indhu Acer\Desktop\Spring boot\VehicleRentingSystem)
[INFO ] 2021-08-10 14:59:40.652 [restartedMain] VehicleRentingSystemApplication - No active profile set, falling back to default profiles: default
[INFO ] 2021-08-10 14:59:59.712 [restartedMain] VehicleRentingSystemApplication - Starting VehicleRentingSystemApplication using Java 16.0.1 on LAPTOP-95BKIJIV with PID 1232 (C:\Users\Indhu Acer\Desktop\Spring boot\VehicleRentingSystem\bin\main started by Indhu Acer in C:\Users\Indhu Acer\Desktop\Spring boot\VehicleRentingSystem)
[INFO ] 2021-08-10 14:59:59.730 [restartedMain] VehicleRentingSystemApplication - No active profile set, falling back to default profiles: default
[INFO ] 2021-08-10 15:01:00.923 [restartedMain] VehicleRentingSystemApplication - Starting VehicleRentingSystemApplication using Java 16.0.1 on LAPTOP-95BKIJIV with PID 10792 (C:\Users\Indhu Acer\Desktop\Spring boot\VehicleRentingSystem\bin\main started by Indhu Acer in C:\Users\Indhu Acer\Desktop\Spring boot\VehicleRentingSystem)
[INFO ] 2021-08-10 15:01:00.940 [restartedMain] VehicleRentingSystemApplication - No active profile set, falling back to default profiles: default
[INFO ] 2021-08-10 15:06:52.287 [restartedMain] VehicleRentingSystemApplication - Starting VehicleRentingSystemApplication using Java 16.0.1 on LAPTOP-95BKIJIV with PID 844 (C:\Users\Indhu Acer\Desktop\Spring boot\VehicleRentingSystem\bin\main started by Indhu Acer in C:\Users\Indhu Acer\Desktop\Spring boot\VehicleRentingSystem)
[INFO ] 2021-08-10 15:06:52.295 [restartedMain] VehicleRentingSystemApplication - No active profile set, falling back to default profiles: default
[INFO ] 2021-08-10 15:09:29.713 [restartedMain] VehicleRentingSystemApplication - Starting VehicleRentingSystemApplication using Java 16.0.1 on LAPTOP-95BKIJIV with PID 10788 (C:\Users\Indhu Acer\Desktop\Spring boot\VehicleRentingSystem\bin\main started by Indhu Acer in C:\Users\Indhu Acer\Desktop\Spring boot\VehicleRentingSystem)
[INFO ] 2021-08-10 15:09:29.721 [restartedMain] VehicleRentingSystemApplication - No active profile set, falling back to default profiles: default
[INFO ] 2021-08-10 15:09:35.794 [restartedMain] VehicleRentingSystemApplication - Started VehicleRentingSystemApplication in 6.433 seconds (JVM running for 7.766)
[INFO ] 2021-08-10 15:11:47.523 [restartedMain] VehicleRentingSystemApplication - Starting VehicleRentingSystemApplication using Java 16.0.1 on LAPTOP-95BKIJIV with PID 10788 (C:\Users\Indhu Acer\Desktop\Spring boot\VehicleRentingSystem\bin\main started by Indhu Acer in C:\Users\Indhu Acer\Desktop\Spring boot\VehicleRentingSystem)
[INFO ] 2021-08-10 15:11:47.523 [restartedMain] VehicleRentingSystemApplication - No active profile set, falling back to default profiles: default
[INFO ] 2021-08-10 15:11:49.308 [restartedMain] VehicleRentingSystemApplication - Started VehicleRentingSystemApplication in 1.832 seconds (JVM running for 141.281)
[INFO ] 2021-08-10 15:39:00.797 [http-nio-8086-exec-2] ActiveBookingController - New Active Booking added Successfully 
[INFO ] 2021-08-10 15:39:04.903 [http-nio-8086-exec-3] ActiveBookingController - All the Active Booking have Successfully Viewed 
